<?xml version="1.0" encoding="UTF-8"?>
<!-- Generated by org.testng.reporters.JUnitXMLReporter -->
<testsuite ignored="7" hostname="DESKTOP-NH1NC1V" failures="7" tests="7" name="Test" time="0.497" errors="0" timestamp="2025-06-05T01:25:31 IST">
  <testcase classname="com.mystore.testcases.LoginTest" name="Login" time="0.089">
    <failure type="java.lang.NullPointerException" message="Cannot invoke &amp;quot;org.openqa.selenium.WebDriver.manage()&amp;quot; because &amp;quot;driver&amp;quot; is null">
      <![CDATA[java.lang.NullPointerException: Cannot invoke "org.openqa.selenium.WebDriver.manage()" because "driver" is null
at com.mystore.actiondriver.Action.implicitWait(Action.java:22)
at com.mystore.pageobjects.HomePage.<init>(HomePage.java:81)
at com.mystore.testcases.LoginTest.Login(LoginTest.java:42)
at java.base/java.util.ArrayList.forEach(ArrayList.java:1596)
... Removed 25 stack frames]]>
    </failure>
  </testcase> <!-- Login -->
  <testcase classname="com.mystore.testcases.PlaceOrderTest" name="placeOrder" time="0.071">
    <failure type="java.lang.NullPointerException" message="Cannot invoke &amp;quot;org.openqa.selenium.WebDriver.manage()&amp;quot; because &amp;quot;driver&amp;quot; is null">
      <![CDATA[java.lang.NullPointerException: Cannot invoke "org.openqa.selenium.WebDriver.manage()" because "driver" is null
at com.mystore.actiondriver.Action.implicitWait(Action.java:22)
at com.mystore.pageobjects.HomePage.<init>(HomePage.java:81)
at com.mystore.testcases.PlaceOrderTest.placeOrder(PlaceOrderTest.java:51)
at java.base/java.util.ArrayList.forEach(ArrayList.java:1596)
... Removed 25 stack frames]]>
    </failure>
  </testcase> <!-- placeOrder -->
  <testcase classname="com.mystore.testcases.ContactUsTest" name="contactUsFormSubmit" time="0.005">
    <failure type="java.lang.NullPointerException" message="Cannot invoke &amp;quot;org.openqa.selenium.WebDriver.manage()&amp;quot; because &amp;quot;driver&amp;quot; is null">
      <![CDATA[java.lang.NullPointerException: Cannot invoke "org.openqa.selenium.WebDriver.manage()" because "driver" is null
at com.mystore.actiondriver.Action.implicitWait(Action.java:22)
at com.mystore.pageobjects.HomePage.<init>(HomePage.java:81)
at com.mystore.testcases.ContactUsTest.contactUsFormSubmit(ContactUsTest.java:33)
at java.base/java.util.ArrayList.forEach(ArrayList.java:1596)
... Removed 25 stack frames]]>
    </failure>
  </testcase> <!-- contactUsFormSubmit -->
  <testcase classname="com.mystore.testcases.SearchTest" name="searchProduct" time="0.006">
    <failure type="java.lang.NullPointerException" message="Cannot invoke &amp;quot;org.openqa.selenium.WebDriver.manage()&amp;quot; because &amp;quot;driver&amp;quot; is null">
      <![CDATA[java.lang.NullPointerException: Cannot invoke "org.openqa.selenium.WebDriver.manage()" because "driver" is null
at com.mystore.actiondriver.Action.implicitWait(Action.java:22)
at com.mystore.pageobjects.HomePage.<init>(HomePage.java:81)
at com.mystore.testcases.SearchTest.searchProduct(SearchTest.java:35)
at java.base/java.util.ArrayList.forEach(ArrayList.java:1596)
... Removed 25 stack frames]]>
    </failure>
  </testcase> <!-- searchProduct -->
  <testcase classname="com.mystore.testcases.CartTest" name="addProductsToCart" time="0.009">
    <failure type="java.lang.NullPointerException" message="Cannot invoke &amp;quot;org.openqa.selenium.WebDriver.manage()&amp;quot; because &amp;quot;driver&amp;quot; is null">
      <![CDATA[java.lang.NullPointerException: Cannot invoke "org.openqa.selenium.WebDriver.manage()" because "driver" is null
at com.mystore.actiondriver.Action.implicitWait(Action.java:22)
at com.mystore.pageobjects.HomePage.<init>(HomePage.java:81)
at com.mystore.testcases.CartTest.addProductsToCart(CartTest.java:61)
at java.base/java.util.ArrayList.forEach(ArrayList.java:1596)
... Removed 25 stack frames]]>
    </failure>
  </testcase> <!-- addProductsToCart -->
  <testcase classname="com.mystore.testcases.CartTest" name="subscriptionToMailFromCartPage" time="0.011">
    <failure type="java.lang.NullPointerException" message="Cannot invoke &amp;quot;org.openqa.selenium.WebDriver.manage()&amp;quot; because &amp;quot;driver&amp;quot; is null">
      <![CDATA[java.lang.NullPointerException: Cannot invoke "org.openqa.selenium.WebDriver.manage()" because "driver" is null
at com.mystore.actiondriver.Action.implicitWait(Action.java:22)
at com.mystore.pageobjects.HomePage.<init>(HomePage.java:81)
at com.mystore.testcases.CartTest.subscriptionToMailFromCartPage(CartTest.java:37)
at java.base/java.util.ArrayList.forEach(ArrayList.java:1596)
... Removed 25 stack frames]]>
    </failure>
  </testcase> <!-- subscriptionToMailFromCartPage -->
  <testcase classname="com.mystore.testcases.SignUpTest" name="registerUser" time="0.004">
    <failure type="java.lang.NullPointerException" message="Cannot invoke &amp;quot;org.openqa.selenium.WebDriver.manage()&amp;quot; because &amp;quot;driver&amp;quot; is null">
      <![CDATA[java.lang.NullPointerException: Cannot invoke "org.openqa.selenium.WebDriver.manage()" because "driver" is null
at com.mystore.actiondriver.Action.implicitWait(Action.java:22)
at com.mystore.pageobjects.HomePage.<init>(HomePage.java:81)
at com.mystore.testcases.SignUpTest.registerUser(SignUpTest.java:37)
at java.base/java.util.ArrayList.forEach(ArrayList.java:1596)
... Removed 25 stack frames]]>
    </failure>
  </testcase> <!-- registerUser -->
  <testcase classname="com.mystore.testcases.TestCaseTest" name="verifyTestCasePage" time="0.0">
    <ignored/>
  </testcase> <!-- verifyTestCasePage -->
  <testcase classname="com.mystore.testcases.ProductTest" name="productDetailsValidation" time="0.0">
    <ignored/>
  </testcase> <!-- productDetailsValidation -->
  <testcase classname="com.mystore.testcases.HomeTest" name="homePageSubscription" time="0.0">
    <ignored/>
  </testcase> <!-- homePageSubscription -->
  <testcase classname="com.mystore.testcases.LoginTest" name="invalidLogin" time="0.0">
    <ignored/>
  </testcase> <!-- invalidLogin -->
  <testcase classname="com.mystore.testcases.CartTest" name="verifyQuantityFromCart" time="0.0">
    <ignored/>
  </testcase> <!-- verifyQuantityFromCart -->
  <testcase classname="com.mystore.testcases.LoginTest" name="existingEmailSignUp" time="0.0">
    <ignored/>
  </testcase> <!-- existingEmailSignUp -->
  <testcase classname="com.mystore.testcases.LogOutTest" name="logout" time="0.0">
    <ignored/>
  </testcase> <!-- logout -->
</testsuite> <!-- Test -->
