<?xml version="1.0" encoding="UTF-8"?>
<!-- Generated by org.testng.reporters.JUnitXMLReporter -->
<testsuite ignored="0" hostname="DESKTOP-NH1NC1V" failures="1" tests="1" name="Test_Suite" time="0.153" errors="0" timestamp="2025-06-05T01:35:47 IST">
  <testcase classname="com.mystore.testcases.SearchTest" name="searchProduct" time="0.059">
    <failure type="java.lang.NullPointerException" message="Cannot invoke &amp;quot;org.openqa.selenium.WebDriver.manage()&amp;quot; because &amp;quot;driver&amp;quot; is null">
      <![CDATA[java.lang.NullPointerException: Cannot invoke "org.openqa.selenium.WebDriver.manage()" because "driver" is null
at com.mystore.actiondriver.Action.implicitWait(Action.java:22)
at com.mystore.pageobjects.HomePage.<init>(HomePage.java:81)
at com.mystore.testcases.SearchTest.searchProduct(SearchTest.java:35)
at java.base/java.util.ArrayList.forEach(ArrayList.java:1596)
... Removed 25 stack frames]]>
    </failure>
  </testcase> <!-- searchProduct -->
</testsuite> <!-- Test_Suite -->
