<?xml version="1.0" encoding="UTF-8"?>
<!-- Generated by org.testng.reporters.JUnitXMLReporter -->
<testsuite ignored="2" hostname="DESKTOP-NH1NC1V" failures="0" tests="2" name="LoginTests" time="41.359" errors="0" timestamp="2025-04-28T02:13:33 IST">
  <testcase classname="com.mystore.testcases.LoginTest" name="invalidLogin" time="3.201"/>
  <testcase classname="com.mystore.testcases.SignUpTest" name="registerUser" time="14.685"/>
  <testcase classname="com.mystore.base.BaseClass" name="@BeforeTest loaddata" time="0.0">
    <ignored/>
  </testcase> <!-- @BeforeTest loaddata -->
  <testcase classname="com.mystore.testcases.LoginTest" name="Login" time="0.0">
    <ignored/>
  </testcase> <!-- Login -->
</testsuite> <!-- LoginTests -->
