<?xml version="1.0" encoding="UTF-8"?>
<testng-results ignored="0" total="1" passed="1" failed="0" skipped="0">
  <reporter-output>
  </reporter-output>
  <suite started-at="2025-06-05T01:44:32 IST" name="Default suite" finished-at="2025-06-05T01:44:44 IST" duration-ms="11889">
    <groups>
      <group name="regression">
        <method signature="SearchTest.searchProduct()[pri:0, instance:com.mystore.testcases.SearchTest@4b8d604b]" name="searchProduct" class="com.mystore.testcases.SearchTest"/>
      </group> <!-- regression -->
      <group name="sanity">
        <method signature="SearchTest.searchProduct()[pri:0, instance:com.mystore.testcases.SearchTest@4b8d604b]" name="searchProduct" class="com.mystore.testcases.SearchTest"/>
      </group> <!-- sanity -->
    </groups>
    <test started-at="2025-06-05T01:44:32 IST" name="Default test" finished-at="2025-06-05T01:44:44 IST" duration-ms="11889">
      <class name="com.mystore.testcases.SearchTest">
        <test-method is-config="true" signature="beforeSuite()[pri:0, instance:com.mystore.testcases.SearchTest@4b8d604b]" started-at="2025-06-05T01:44:32 IST" name="beforeSuite" finished-at="2025-06-05T01:44:32 IST" duration-ms="237" status="PASS">
          <reporter-output>
          </reporter-output>
        </test-method> <!-- beforeSuite -->
        <test-method is-config="true" signature="loaddata()[pri:0, instance:com.mystore.testcases.SearchTest@4b8d604b]" started-at="2025-06-05T01:44:32 IST" name="loaddata" finished-at="2025-06-05T01:44:32 IST" duration-ms="3" status="PASS">
          <reporter-output>
          </reporter-output>
        </test-method> <!-- loaddata -->
        <test-method is-config="true" signature="setUp()[pri:0, instance:com.mystore.testcases.SearchTest@4b8d604b]" started-at="2025-06-05T01:44:32 IST" name="setUp" finished-at="2025-06-05T01:44:38 IST" duration-ms="6390" status="PASS">
          <reporter-output>
          </reporter-output>
        </test-method> <!-- setUp -->
        <test-method signature="searchProduct()[pri:0, instance:com.mystore.testcases.SearchTest@4b8d604b]" started-at="2025-06-05T01:44:38 IST" name="searchProduct" description="test Case 9- search a product" finished-at="2025-06-05T01:44:43 IST" duration-ms="5120" status="PASS">
          <reporter-output>
          </reporter-output>
        </test-method> <!-- searchProduct -->
        <test-method is-config="true" signature="tearDown()[pri:0, instance:com.mystore.testcases.SearchTest@4b8d604b]" started-at="2025-06-05T01:44:44 IST" name="tearDown" finished-at="2025-06-05T01:44:44 IST" duration-ms="300" status="PASS">
          <reporter-output>
          </reporter-output>
        </test-method> <!-- tearDown -->
      </class> <!-- com.mystore.testcases.SearchTest -->
    </test> <!-- Default test -->
  </suite> <!-- Default suite -->
</testng-results>
